<?xml version="1.0" encoding="utf-8"?><testsuites name="pytest tests"><testsuite name="pytest" errors="0" failures="0" skipped="0" tests="54" time="10.802" timestamp="2026-09-09T02:39:56.735983+00:00" hostname="localhost"><testcase classname="tests.test_adapter_helpers" name="test_feature_capture_no_forward_of_its_own_and_hooks_removed" time="0.020" /><testcase classname="tests.test_adapter_helpers" name="test_multiple_capture_calls_rejected_and_cleaned" time="0.001" /><testcase classname="tests.test_adapter_helpers" name="test_live_tap_preserves_feature_gradient" time="0.001" /><testcase classname="tests.test_adapter_helpers" name="test_find_requires_unique_verified_class" time="0.001" /><testcase classname="tests.test_adapter_helpers" name="test_explicit_affine_and_content_mask" time="0.005" /><testcase classname="tests.test_adapter_helpers" name="test_v2_mapping_rejects_extra_gt_and_maps_actual_keys" time="0.002" /><testcase classname="tests.test_cache_cli" name="test_export_manifest_tamper_is_rejected" time="0.020" /><testcase classname="tests.test_cache_cli" name="test_export_path_escape_is_rejected" time="0.015" /><testcase classname="tests.test_cache_cli" name="test_generated_fixture_cannot_run_as_main" time="1.709" /><testcase classname="tests.test_cache_cli" name="test_unlocked_protocol_rejected" time="1.787" /><testcase classname="tests.test_cache_cli" name="test_actual_smoke_checkpoint_and_scoring_with_gt_files_absent" time="6.799" /><testcase classname="tests.test_geometry" name="test_affine_uses_explicit_offset" time="0.001" /><testcase classname="tests.test_geometry" name="test_bilinear_ramp" time="0.001" /><testcase classname="tests.test_geometry" name="test_feature_corners_have_no_half_pixel_shift" time="0.001" /><testcase classname="tests.test_geometry" name="test_invalid_nan_query_zero_and_finite" time="0.001" /><testcase classname="tests.test_geometry" name="test_partial_padding_support_rejected" time="0.001" /><testcase classname="tests.test_geometry" name="test_padding_values_do_not_leak_into_sampling" time="0.001" /><testcase classname="tests.test_geometry" name="test_vertical_horizontal_and_zero_length_segments" time="0.001" /><testcase classname="tests.test_geometry" name="test_line_sign_and_scale_invariance" time="0.002" /><testcase classname="tests.test_geometry" name="test_invalid_line_mode_zero" time="0.001" /><testcase classname="tests.test_geometry" name="test_feature_gradients_exist" time="0.001" /><testcase classname="tests.test_model" name="test_all_arms_forward_and_loss_gradient[P]" time="0.015" /><testcase classname="tests.test_model" name="test_all_arms_forward_and_loss_gradient[S]" time="0.010" /><testcase classname="tests.test_model" name="test_all_arms_forward_and_loss_gradient[H]" time="0.009" /><testcase classname="tests.test_model" name="test_all_arms_forward_and_loss_gradient[HA]" time="0.010" /><testcase classname="tests.test_model" name="test_same_registered_state_shapes_and_initial_weights" time="0.011" /><testcase classname="tests.test_model" name="test_no_gt_fields_in_inference_contract" time="0.003" /><testcase classname="tests.test_model" name="test_anchor_free_scores_invariant_to_baseline_id_order[P]" time="0.010" /><testcase classname="tests.test_model" name="test_anchor_free_scores_invariant_to_baseline_id_order[S]" time="0.011" /><testcase classname="tests.test_model" name="test_anchor_free_scores_invariant_to_baseline_id_order[H]" time="0.011" /><testcase classname="tests.test_model" name="test_same_id_control_is_sensitive_to_baseline_id_order" time="0.010" /><testcase classname="tests.test_model" name="test_candidate_order_equivariance[P]" time="0.010" /><testcase classname="tests.test_model" name="test_candidate_order_equivariance[S]" time="0.010" /><testcase classname="tests.test_model" name="test_candidate_order_equivariance[H]" time="0.010" /><testcase classname="tests.test_model" name="test_candidate_order_equivariance[HA]" time="0.010" /><testcase classname="tests.test_model" name="test_point_segment_controls_ignore_explicit_hough[P]" time="0.010" /><testcase classname="tests.test_model" name="test_point_segment_controls_ignore_explicit_hough[S]" time="0.010" /><testcase classname="tests.test_model" name="test_hough_arm_reads_explicit_line_evidence" time="0.010" /><testcase classname="tests.test_model" name="test_point_control_does_not_query_disjoint_edge_interior" time="0.020" /><testcase classname="tests.test_model" name="test_missing_prediction_only_identity_allowed" time="0.008" /><testcase classname="tests.test_model" name="test_centroid_or_identity_mutation_rejected" time="0.007" /><testcase classname="tests.test_model" name="test_mixed_precision_export_rejected_explicitly" time="0.003" /><testcase classname="tests.test_objective_policy_metrics" name="test_masked_nan_gt_never_enters_loss" time="0.001" /><testcase classname="tests.test_objective_policy_metrics" name="test_candidate_quality_gradient_not_gated_by_identity_selection" time="0.002" /><testcase classname="tests.test_objective_policy_metrics" name="test_empty_supervision_fails_instead_of_fake_update" time="0.001" /><testcase classname="tests.test_objective_policy_metrics" name="test_invalid_candidate_has_no_loss_gradient" time="0.002" /><testcase classname="tests.test_objective_policy_metrics" name="test_strict_margin_and_ties_preserve_identity" time="0.001" /><testcase classname="tests.test_objective_policy_metrics" name="test_invalid_low_score_never_selected" time="0.001" /><testcase classname="tests.test_objective_policy_metrics" name="test_supervision_detached_from_coordinate_graph" time="0.001" /><testcase classname="tests.test_objective_policy_metrics" name="test_metrics_missing_points_stay_in_pck_denominator" time="0.002" /><testcase classname="tests.test_objective_policy_metrics" name="test_median_p90_same_population_and_8_vs_9" time="0.001" /><testcase classname="tests.test_objective_policy_metrics" name="test_safety_counts_do_not_select_frames_by_new_model" time="0.000" /><testcase classname="tests.test_objective_policy_metrics" name="test_paired_cluster_bootstrap_reproducible_negative_difference" time="0.001" /><testcase classname="tests.test_objective_policy_metrics" name="test_bootstrap_rejects_single_session_and_nan" time="0.000" /></testsuite></testsuites>